<?xml version="1.0" encoding="UTF-8"?>
<!-- Generated by org.testng.reporters.JUnitReportReporter -->
<testsuite hostname="DESKTOP-7MIKM5U" failures="0" tests="1" name="com.crm.autodesk.contactTest.CreateContactWithOrganizationTest" time="35.722" errors="0" timestamp="2022-03-17T15:07:13 IST" skipped="0">
  <testcase classname="com.crm.autodesk.contactTest.CreateContactWithOrganizationTest" name="createContactWithOrganization" time="35.722"/>
  <system-out/>
</testsuite> <!-- com.crm.autodesk.contactTest.CreateContactWithOrganizationTest -->
