<?xml version="1.0" encoding="UTF-8"?>
<!-- Generated by org.testng.reporters.JUnitReportReporter -->
<testsuite hostname="DESKTOP-7MIKM5U" failures="0" tests="1" name="com.crm.autodesk.contactTest.CreateContactTest" time="20.897" errors="0" timestamp="2022-03-17T15:10:56 IST" skipped="0">
  <testcase classname="com.crm.autodesk.contactTest.CreateContactTest" name="createContact" time="20.897"/>
  <system-out/>
</testsuite> <!-- com.crm.autodesk.contactTest.CreateContactTest -->
