<?xml version="1.0" encoding="UTF-8"?>
<!-- Generated by org.testng.reporters.JUnitReportReporter -->
<testsuite hostname="DESKTOP-7MIKM5U" failures="0" tests="1" name="com.crm.autodesk.organizationTest.CreateOrganizationWithIndustryTest" time="20.895" errors="0" timestamp="2022-03-16T17:52:29 IST" skipped="0">
  <testcase classname="com.crm.autodesk.organizationTest.CreateOrganizationWithIndustryTest" name="createOrganizationWithIndustry" time="20.895"/>
  <system-out/>
</testsuite> <!-- com.crm.autodesk.organizationTest.CreateOrganizationWithIndustryTest -->
