<?xml version="1.0" encoding="UTF-8"?>
<!-- Generated by org.testng.reporters.JUnitReportReporter -->
<testsuite hostname="DESKTOP-7MIKM5U" failures="0" tests="1" name="com.crm.autodesk.organizationTest.CreateOrganizationTest" time="19.741" errors="0" timestamp="2022-03-16T17:31:09 IST" skipped="0">
  <testcase classname="com.crm.autodesk.organizationTest.CreateOrganizationTest" name="createOrganization" time="19.741"/>
  <system-out/>
</testsuite> <!-- com.crm.autodesk.organizationTest.CreateOrganizationTest -->
