<?xml version="1.0" encoding="UTF-8"?>
<!-- Generated by org.testng.reporters.JUnitReportReporter -->
<testsuite hostname="DESKTOP-7MIKM5U" failures="0" tests="1" name="practice.User2information" time="0.002" errors="0" timestamp="2022-03-15T16:58:42 IST" skipped="0">
  <testcase classname="practice.User2information" name="studentInfo" time="0.002"/>
  <system-out/>
</testsuite> <!-- practice.User2information -->
