<?xml version="1.0" encoding="UTF-8"?>
<!-- Generated by org.testng.reporters.JUnitReportReporter -->
<testsuite hostname="DESKTOP-7MIKM5U" failures="0" tests="2" name="practice.TestNgScript" time="33.843" errors="0" timestamp="2022-03-14T13:09:14 IST" skipped="0">
  <testcase classname="practice.TestNgScript" name="ContactsData" time="17.000"/>
  <system-out/>
  <testcase classname="practice.TestNgScript" name="ContactsData" time="16.843"/>
  <system-out/>
</testsuite> <!-- practice.TestNgScript -->
