<?xml version="1.0" encoding="UTF-8"?>
<!-- Generated by org.testng.reporters.JUnitReportReporter -->
<testsuite hostname="DESKTOP-7MIKM5U" failures="0" tests="1" name="com.crm.autodesk.productsTest.CreateProductTest" time="32.090" errors="0" timestamp="2022-03-21T16:41:07 IST" skipped="0">
  <testcase classname="com.crm.autodesk.productsTest.CreateProductTest" name="createProduct" time="32.090"/>
  <system-out/>
</testsuite> <!-- com.crm.autodesk.productsTest.CreateProductTest -->
