<?xml version="1.0" encoding="UTF-8"?>
<!-- Generated by org.testng.reporters.JUnitReportReporter -->
<testsuite hostname="DESKTOP-7MIKM5U" failures="0" tests="1" name="com.crm.autodesk.TC04Test.Create_Product_With_Team_SellingTest" time="30.862" errors="0" timestamp="2022-03-16T15:00:58 IST" skipped="0">
  <testcase classname="com.crm.autodesk.TC04Test.Create_Product_With_Team_SellingTest" name="createProductWithTeamSelling" time="30.862"/>
  <system-out/>
</testsuite> <!-- com.crm.autodesk.TC04Test.Create_Product_With_Team_SellingTest -->
