<?xml version="1.0" encoding="UTF-8"?>
<!-- Generated by org.testng.reporters.JUnitReportReporter -->
<testsuite hostname="DESKTOP-7MIKM5U" failures="0" tests="1" name="practice.DataDrivenFromTestngTest" time="0.011" errors="0" timestamp="2022-03-21T16:34:03 IST" skipped="0">
  <testcase classname="practice.DataDrivenFromTestngTest" name="getvalues" time="0.011"/>
  <system-out/>
</testsuite> <!-- practice.DataDrivenFromTestngTest -->
