<?xml version="1.0" encoding="UTF-8"?>
<!-- Generated by org.testng.reporters.JUnitReportReporter -->
<testsuite hostname="DESKTOP-7MIKM5U" failures="0" tests="3" name="practice.DependsOnMethodTest" time="0.023" errors="0" timestamp="2022-03-14T14:38:22 IST" skipped="0">
  <testcase classname="practice.DependsOnMethodTest" name="deleteAccount" time="0.008"/>
  <system-out/>
  <testcase classname="practice.DependsOnMethodTest" name="modifyAccount" time="0.003"/>
  <system-out/>
  <testcase classname="practice.DependsOnMethodTest" name="createAccount" time="0.012"/>
  <system-out/>
</testsuite> <!-- practice.DependsOnMethodTest -->
