<?xml version="1.0" encoding="UTF-8"?>
<!-- Generated by org.testng.reporters.JUnitReportReporter -->
<testsuite hostname="DESKTOP-7MIKM5U" failures="0" tests="2" name="practice.MultipleDataUsingDataProviderTest" time="0.012" errors="0" timestamp="2022-03-14T12:20:40 IST" skipped="0">
  <testcase classname="practice.MultipleDataUsingDataProviderTest" name="multipledata" time="0.010"/>
  <system-out/>
  <testcase classname="practice.MultipleDataUsingDataProviderTest" name="multipledata" time="0.002"/>
  <system-out/>
</testsuite> <!-- practice.MultipleDataUsingDataProviderTest -->
