<?xml version="1.0" encoding="UTF-8"?>
<!-- Generated by org.testng.reporters.JUnitReportReporter -->
<testsuite hostname="DESKTOP-7MIKM5U" failures="0" tests="1" name="com.crm.autodesk.campaignTest.CreateCampainWithProductTest" time="29.038" errors="0" timestamp="2022-03-16T17:14:40 IST" skipped="0">
  <testcase classname="com.crm.autodesk.campaignTest.CreateCampainWithProductTest" name="createCampainWithProduct" time="29.038"/>
  <system-out/>
</testsuite> <!-- com.crm.autodesk.campaignTest.CreateCampainWithProductTest -->
