<?xml version="1.0" encoding="UTF-8"?>
<!-- Generated by org.testng.reporters.JUnitReportReporter -->
<testsuite hostname="DESKTOP-7MIKM5U" failures="0" tests="1" name="com.crm.autodesk.TC04Test.Create_Product_By_ProductlinkTest" time="14.669" errors="0" timestamp="2022-03-21T16:45:42 IST" skipped="0">
  <testcase classname="com.crm.autodesk.TC04Test.Create_Product_By_ProductlinkTest" name="createProductByProduct" time="14.669"/>
  <system-out/>
</testsuite> <!-- com.crm.autodesk.TC04Test.Create_Product_By_ProductlinkTest -->
