<?xml version="1.0" encoding="UTF-8"?>
<!-- Generated by org.testng.reporters.JUnitReportReporter -->
<testsuite hostname="DESKTOP-7MIKM5U" failures="0" tests="1" name="practice.AssertionExample" time="0.014" errors="0" timestamp="2022-03-16T16:35:24 IST" skipped="0">
  <testcase classname="practice.AssertionExample" name="assertionTest" time="0.014"/>
  <system-out/>
</testsuite> <!-- practice.AssertionExample -->
