<?xml version="1.0" encoding="UTF-8"?>
<!-- Generated by org.testng.reporters.JUnitReportReporter -->
<testsuite hostname="DESKTOP-7MIKM5U" failures="0" tests="1" name="practice.UserInformationTest" time="0.011" errors="0" timestamp="2022-03-15T16:59:12 IST" skipped="0">
  <testcase classname="practice.UserInformationTest" name="middleName" time="0.011"/>
  <system-out/>
</testsuite> <!-- practice.UserInformationTest -->
